drmohan/changebuild/razorpay_flutter/intermediates/manifest_merge_blame_file/debug/manifest-merger-blame-debug-report.txt
1<?xml version="1.0" encoding="utf-8"?>
2<manifest xmlns:android="http://schemas.android.com/apk/res/android"
3    package="com.razorpay.razorpay_flutter" >
4
5    <uses-sdk android:minSdkVersion="20" />
5-->src\main\AndroidManifest.xml
6
7    <application>
7-->src\main\AndroidManifest.xml:3:5-14:19
8        <activity
8-->src\main\AndroidManifest.xml:4:9-8:20
9            android:name="com.razorpay.CheckoutActivity"
9-->src\main\AndroidManifest.xml:6:17-61
10            android:exported="false"
10-->src\main\AndroidManifest.xml:5:17-41
11            android:label="Razorpay Checkout" >
11-->src\main\AndroidManifest.xml:7:17-50
12        </activity>
13
14        <receiver
14-->src\main\AndroidManifest.xml:9:9-13:20
15            android:name="com.razorpay.RzpTokenReceiver"
15-->src\main\AndroidManifest.xml:9:19-63
16            android:exported="false" >
16-->src\main\AndroidManifest.xml:9:64-88
17            <intent-filter>
17-->src\main\AndroidManifest.xml:10:13-12:29
18                <action android:name="rzp.device_token.share" />
18-->src\main\AndroidManifest.xml:11:17-65
18-->src\main\AndroidManifest.xml:11:25-62
19            </intent-filter>
20        </receiver>
21    </application>
22
23</manifest>